{"timestamp":"Sat Aug 28 2021 22:50:48 GMT+0530 (India Standard Time)","method":"GET","url":"/","status":304,"contentLength":"-","responseTime":3.987,"level":"info","message":"HTTP Access Log"}
{"timestamp":"Sat Aug 28 2021 22:53:05 GMT+0530 (India Standard Time)","method":"GET","url":"/","status":304,"contentLength":"-","responseTime":4.766,"level":"info","message":"HTTP Access Log"}
{"timestamp":"Sat Aug 28 2021 23:07:22 GMT+0530 (India Standard Time)","method":"GET","url":"/categories","status":404,"contentLength":"24","responseTime":40.527,"level":"info","message":"HTTP Access Log"}
{"timestamp":"Sat Aug 28 2021 23:07:44 GMT+0530 (India Standard Time)","method":"GET","url":"/api/product/categories","status":403,"contentLength":"29","responseTime":2.046,"level":"info","message":"HTTP Access Log"}
{"timestamp":"Sat Aug 28 2021 23:08:32 GMT+0530 (India Standard Time)","method":"GET","url":"/api/products/categories","status":200,"contentLength":"28","responseTime":127.071,"level":"info","message":"HTTP Access Log"}
{"timestamp":"Sat Aug 28 2021 23:19:05 GMT+0530 (India Standard Time)","method":"GET","url":"/api/products/search?category=All&search=sam","status":500,"contentLength":"21","responseTime":176.669,"level":"info","message":"HTTP Access Log"}
{"timestamp":"Sat Aug 28 2021 23:19:48 GMT+0530 (India Standard Time)","method":"GET","url":"/api/products/search?category=All&search=sam","status":200,"contentLength":"271","responseTime":966.096,"level":"info","message":"HTTP Access Log"}
{"timestamp":"Sat Aug 28 2021 23:20:29 GMT+0530 (India Standard Time)","method":"GET","url":"/api/products/search?category=All&search=","status":200,"contentLength":"524","responseTime":179.926,"level":"info","message":"HTTP Access Log"}
{"timestamp":"Sat Aug 28 2021 23:20:38 GMT+0530 (India Standard Time)","method":"GET","url":"/api/products/search?category=All&search=i","status":200,"contentLength":"254","responseTime":20.867,"level":"info","message":"HTTP Access Log"}
{"timestamp":"Sat Aug 28 2021 23:20:43 GMT+0530 (India Standard Time)","method":"GET","url":"/api/products/search?category=All&search=p","status":200,"contentLength":"254","responseTime":3.766,"level":"info","message":"HTTP Access Log"}
{"timestamp":"Sat Aug 28 2021 23:20:49 GMT+0530 (India Standard Time)","method":"GET","url":"/api/products/search?category=All&search=11","status":200,"contentLength":"524","responseTime":7.339,"level":"info","message":"HTTP Access Log"}
{"timestamp":"Sat Aug 28 2021 23:20:57 GMT+0530 (India Standard Time)","method":"GET","url":"/api/products/search?category=All&search=l","status":200,"contentLength":"271","responseTime":9.177,"level":"info","message":"HTTP Access Log"}
{"timestamp":"Sat Aug 28 2021 23:21:06 GMT+0530 (India Standard Time)","method":"GET","url":"/api/products/search?category=All&search=40","status":200,"contentLength":"2","responseTime":6.853,"level":"info","message":"HTTP Access Log"}
{"timestamp":"Sat Aug 28 2021 23:21:10 GMT+0530 (India Standard Time)","method":"GET","url":"/api/products/search?category=All&search=0","status":200,"contentLength":"2","responseTime":2.979,"level":"info","message":"HTTP Access Log"}
{"timestamp":"Sat Aug 28 2021 23:21:15 GMT+0530 (India Standard Time)","method":"GET","url":"/api/products/search?category=All&search=p","status":200,"contentLength":"254","responseTime":8.209,"level":"info","message":"HTTP Access Log"}
{"timestamp":"Sat Aug 28 2021 23:21:51 GMT+0530 (India Standard Time)","method":"GET","url":"/api/products/search?category=All&search=6128c1f73b718cca9f486747","status":200,"contentLength":"2","responseTime":2.868,"level":"info","message":"HTTP Access Log"}
{"timestamp":"Sat Aug 28 2021 23:21:56 GMT+0530 (India Standard Time)","method":"GET","url":"/api/products/search?category=All&search=l","status":200,"contentLength":"271","responseTime":4.457,"level":"info","message":"HTTP Access Log"}
{"timestamp":"Sat Aug 28 2021 23:26:21 GMT+0530 (India Standard Time)","method":"GET","url":"/","status":304,"contentLength":"-","responseTime":1.58,"level":"info","message":"HTTP Access Log"}
{"timestamp":"Sat Aug 28 2021 23:26:24 GMT+0530 (India Standard Time)","method":"GET","url":"/","status":304,"contentLength":"-","responseTime":1.16,"level":"info","message":"HTTP Access Log"}
{"timestamp":"Sat Aug 28 2021 23:26:24 GMT+0530 (India Standard Time)","method":"GET","url":"/","status":304,"contentLength":"-","responseTime":0.622,"level":"info","message":"HTTP Access Log"}
{"timestamp":"Sat Aug 28 2021 23:26:25 GMT+0530 (India Standard Time)","method":"GET","url":"/","status":304,"contentLength":"-","responseTime":0.396,"level":"info","message":"HTTP Access Log"}
{"timestamp":"Sat Aug 28 2021 23:26:25 GMT+0530 (India Standard Time)","method":"GET","url":"/","status":304,"contentLength":"-","responseTime":0.385,"level":"info","message":"HTTP Access Log"}
{"timestamp":"Sat Aug 28 2021 23:26:30 GMT+0530 (India Standard Time)","method":"GET","url":"/","status":200,"contentLength":"34","responseTime":4.081,"level":"info","message":"HTTP Access Log"}
